gh auth login
gh auth setup-git --hostname github.com
gh auth status
gh repo create subbotinmatvei29-dot/practice2-eltex-pg2-v7 --public
mkdir ~/practice2-eltex-pg2-v7
cd ~/practice2-eltex-pg2-v7
echo "# Practice 2 reports and tasks" >> README.md
git init
git add README.md
git commit -m "first commit"
git branch -M main
git remote add origin git@github.com:subbotinmatvei29-dot/practice2-eltex-pg2-v7.git
git remote -v
git push -u origin main
mkdir -p module1/task1
mkdir module1/task2
mkdir module1/task3
find module1
scp /home/eltex-pg2-v7/practice2_eltex-pg2-v7_part1.log root@172.16.9.207:/root/practice2-eltex-pg2-v7/module1/task1/
scp /home/eltex-pg2-v7/eltex-pg2-v7_part.log root@172.16.9.207:/root/practice2-eltex-pg2-v7/module1/task2/
scp /home/eltex-pg2-v7/eltex-pg2-v7_part3.log root@172.16.9.207:/root/practice2-eltex-pg2-v7/module1/task3/
find /root/practice2-eltex-pg2-v7/module1 -type f
cd ~/practice2-eltex-pg2-v7
git add .
git status
git commit -m "add module1 reports"
git push
cd ~/practice2-eltex-pg2-v7
mkdir -p module2/task1
mkdir module2/task2
mkdir module2/task3
cp /root/practice2_eltex-pg2-v7_part1.log module2/task1/
cp /root/practice2_eltex-pg2-v7_part2.log module2/task2/
cp /root/practice2_eltex-pg2-v7_part3.log module2/task3/
find module2 -type f
git add .
git status
git commit -m "add practice2 reports"
git push
