2026-03-17 16:57:46 Startup!
2026-03-17 16:57:53 testproc[1234]: how much time do I have? 2
2026-03-17 17:06:42 Startup!
2026-03-17 17:12:21 Startup!
2026-03-17 17:13:32 testproc[1234]: how much time do I have? 7
2026-03-17 17:20:29 worker_test[65338]: how much time do I have? 8
2026-03-17 17:46:27 worker1[65843]: how much time do I have? 8
2026-03-17 17:46:27 worker2[66069]: how much time do I have? 5
2026-03-17 18:01:01 worker1[66697]: how much time do I have? 9
2026-03-17 18:01:01 worker2[66927]: how much time do I have? 3
2026-03-17 18:02:01 worker1[67385]: how much time do I have? 2
2026-03-17 18:02:01 worker2[67615]: how much time do I have? 2
2026-03-17 18:03:01 worker1[68079]: how much time do I have? 9
2026-03-17 18:03:01 worker2[68311]: how much time do I have? 5
2026-03-17 18:04:01 worker1[68773]: how much time do I have? 7
2026-03-17 18:04:02 worker2[69005]: how much time do I have? 2
2026-03-17 18:05:01 worker1[69471]: how much time do I have? 5
2026-03-17 18:05:01 worker2[69703]: how much time do I have? 9
2026-03-17 18:06:01 worker1[70162]: how much time do I have? 3
2026-03-17 18:06:01 worker2[70392]: how much time do I have? 9
2026-03-17 18:07:01 worker1[70850]: how much time do I have? 6
2026-03-17 18:07:01 worker2[71080]: how much time do I have? 5
2026-03-17 18:08:01 worker1[71538]: how much time do I have? 9
2026-03-17 18:08:01 worker2[71768]: how much time do I have? 3
2026-03-17 18:09:02 worker1[72226]: how much time do I have? 5
2026-03-17 18:09:02 worker2[72456]: how much time do I have? 2
2026-03-17 18:10:01 worker1[72914]: how much time do I have? 8
2026-03-17 18:10:01 worker2[73144]: how much time do I have? 6
2026-03-17 18:11:01 worker1[73615]: how much time do I have? 10
2026-03-17 18:11:01 worker2[73849]: how much time do I have? 5
2026-03-17 18:12:01 worker1[74315]: how much time do I have? 2
2026-03-17 18:12:01 worker2[74549]: how much time do I have? 3
2026-03-17 18:13:01 worker1[75017]: how much time do I have? 8
2026-03-17 18:13:02 worker2[75249]: how much time do I have? 2
2026-03-17 18:14:01 worker1[75711]: how much time do I have? 4
2026-03-17 18:14:01 worker2[75943]: how much time do I have? 5
2026-03-17 18:15:01 worker1[76414]: how much time do I have? 7
2026-03-17 18:15:01 worker2[76648]: how much time do I have? 6
2026-03-17 18:16:01 worker1[77107]: how much time do I have? 2
2026-03-17 18:16:01 worker2[77337]: how much time do I have? 3
2026-03-17 18:17:01 worker1[77800]: how much time do I have? 7
2026-03-17 18:17:01 worker2[78030]: how much time do I have? 4
2026-03-17 18:18:02 worker1[78488]: how much time do I have? 8
2026-03-17 18:18:02 worker2[78718]: how much time do I have? 10
2026-03-17 18:19:01 worker1[79176]: how much time do I have? 6
2026-03-17 18:19:01 worker2[79406]: how much time do I have? 4
2026-03-17 18:20:01 worker1[79865]: how much time do I have? 2
2026-03-17 18:20:01 worker2[80095]: how much time do I have? 4
2026-03-17 18:21:01 worker1[80554]: how much time do I have? 8
2026-03-17 18:21:01 worker2[80784]: how much time do I have? 7
2026-03-17 18:22:01 worker1[81234]: how much time do I have? 6
2026-03-17 18:22:02 worker2[81460]: how much time do I have? 8
2026-03-17 18:23:01 worker1[81915]: how much time do I have? 5
2026-03-17 18:23:01 worker2[82143]: how much time do I have? 2
2026-03-17 18:24:01 worker1[82597]: how much time do I have? 10
2026-03-17 18:24:01 worker2[82825]: how much time do I have? 10
2026-03-17 18:25:01 worker1[83283]: how much time do I have? 7
2026-03-17 18:25:01 worker2[83511]: how much time do I have? 8
2026-03-17 18:26:01 worker1[83962]: how much time do I have? 9
2026-03-17 18:26:01 worker2[84188]: how much time do I have? 9
2026-03-17 18:27:02 worker1[84638]: how much time do I have? 5
2026-03-17 18:27:02 worker2[84864]: how much time do I have? 2
2026-03-17 18:28:01 worker1[85314]: how much time do I have? 2
2026-03-17 18:28:01 worker2[85540]: how much time do I have? 2
2026-03-17 18:29:01 worker1[85995]: how much time do I have? 9
2026-03-17 18:29:01 worker2[86223]: how much time do I have? 4
2026-03-17 18:30:01 worker1[86677]: how much time do I have? 6
2026-03-17 18:30:01 worker2[86905]: how much time do I have? 8
2026-03-17 18:31:01 worker1[87367]: how much time do I have? 8
2026-03-17 18:31:02 worker2[87597]: how much time do I have? 8
2026-03-17 18:32:01 worker1[88055]: how much time do I have? 10
2026-03-17 18:32:01 worker2[88285]: how much time do I have? 8
2026-03-17 18:33:01 worker1[88743]: how much time do I have? 5
2026-03-17 18:33:01 worker2[88973]: how much time do I have? 10
2026-03-17 18:34:01 worker1[89431]: how much time do I have? 9
2026-03-17 18:34:01 worker2[89661]: how much time do I have? 5
2026-03-17 18:35:01 worker1[90123]: how much time do I have? 8
2026-03-17 18:35:01 worker2[90353]: how much time do I have? 4
2026-03-17 18:36:02 worker1[90812]: how much time do I have? 2
2026-03-17 18:36:02 worker2[91042]: how much time do I have? 7
2026-03-17 18:37:01 worker1[91500]: how much time do I have? 9
2026-03-17 18:37:01 worker2[91730]: how much time do I have? 3
2026-03-17 18:38:01 worker1[92188]: how much time do I have? 4
2026-03-17 18:38:01 worker2[92418]: how much time do I have? 3
2026-03-17 18:39:01 worker1[92868]: how much time do I have? 8
2026-03-17 18:39:01 worker2[93094]: how much time do I have? 9
2026-03-17 18:40:01 worker1[93544]: how much time do I have? 6
2026-03-17 18:40:01 worker2[93770]: how much time do I have? 2
2026-03-17 18:41:02 worker1[94233]: how much time do I have? 7
2026-03-17 18:41:02 worker2[94463]: how much time do I have? 7
2026-03-17 18:42:01 worker1[94921]: how much time do I have? 3
2026-03-17 18:42:01 worker2[95151]: how much time do I have? 5
2026-03-17 18:43:01 worker1[95609]: how much time do I have? 9
2026-03-17 18:43:01 worker2[95839]: how much time do I have? 5
2026-03-17 18:44:01 worker1[96297]: how much time do I have? 6
2026-03-17 18:44:01 worker2[96527]: how much time do I have? 4
2026-03-17 18:45:02 worker1[96994]: how much time do I have? 8
2026-03-17 18:45:02 worker2[97226]: how much time do I have? 4
2026-03-17 18:46:01 worker1[97684]: how much time do I have? 3
2026-03-17 18:46:01 worker2[97914]: how much time do I have? 4
2026-03-17 18:47:01 worker1[98373]: how much time do I have? 4
2026-03-17 18:47:01 worker2[98603]: how much time do I have? 8
2026-03-17 18:48:01 worker1[99061]: how much time do I have? 9
2026-03-17 18:48:01 worker2[99291]: how much time do I have? 7
2026-03-17 18:49:01 worker1[99749]: how much time do I have? 4
2026-03-17 18:49:02 worker2[99979]: how much time do I have? 7
2026-03-17 18:50:01 worker1[100435]: how much time do I have? 7
2026-03-17 18:50:01 worker2[100663]: how much time do I have? 2
2026-03-17 18:51:01 worker1[101117]: how much time do I have? 3
2026-03-17 18:51:01 worker2[101345]: how much time do I have? 5
2026-03-17 18:52:01 worker1[101800]: how much time do I have? 3
2026-03-17 18:52:01 worker2[102028]: how much time do I have? 4
2026-03-17 18:53:01 worker1[102482]: how much time do I have? 4
2026-03-17 18:53:01 worker2[102710]: how much time do I have? 2
2026-03-17 18:54:02 worker1[103164]: how much time do I have? 5
2026-03-17 18:54:02 worker2[103392]: how much time do I have? 5
2026-03-17 18:55:01 worker1[103850]: how much time do I have? 3
2026-03-17 18:55:01 worker2[104078]: how much time do I have? 3
2026-03-17 18:56:01 worker1[104528]: how much time do I have? 3
2026-03-17 18:56:01 worker2[104754]: how much time do I have? 4
2026-03-17 18:57:01 worker1[105210]: how much time do I have? 5
2026-03-17 18:57:01 worker2[105438]: how much time do I have? 3
2026-03-17 18:58:01 worker1[105892]: how much time do I have? 10
2026-03-17 18:58:01 worker2[106120]: how much time do I have? 8
2026-03-17 18:59:02 worker1[106574]: how much time do I have? 6
2026-03-17 18:59:02 worker2[106802]: how much time do I have? 6
2026-03-17 19:00:01 worker1[107268]: how much time do I have? 2
2026-03-17 19:00:01 worker2[107500]: how much time do I have? 5
2026-03-17 19:01:01 worker1[107962]: how much time do I have? 8
2026-03-17 19:01:01 worker2[108194]: how much time do I have? 8
2026-03-17 19:02:01 worker1[108653]: how much time do I have? 9
2026-03-17 19:02:01 worker2[108883]: how much time do I have? 7
2026-03-17 19:03:02 worker1[109341]: how much time do I have? 8
2026-03-17 19:03:02 worker2[109571]: how much time do I have? 6
2026-03-17 19:04:01 worker1[110029]: how much time do I have? 5
2026-03-17 19:04:01 worker2[110259]: how much time do I have? 9
2026-03-17 19:05:01 worker1[110721]: how much time do I have? 5
2026-03-17 19:05:01 worker2[110951]: how much time do I have? 2
2026-03-17 19:06:01 worker1[111401]: how much time do I have? 7
2026-03-17 19:06:01 worker2[111627]: how much time do I have? 5
2026-03-17 19:07:01 worker1[112089]: how much time do I have? 7
2026-03-17 19:07:01 worker2[112317]: how much time do I have? 7
2026-03-17 19:08:02 worker1[112771]: how much time do I have? 7
2026-03-17 19:08:02 worker2[112999]: how much time do I have? 6
2026-03-17 19:09:01 worker1[113453]: how much time do I have? 2
2026-03-17 19:09:01 worker2[113681]: how much time do I have? 6
2026-03-17 19:10:01 worker1[114135]: how much time do I have? 4
2026-03-17 19:10:01 worker2[114363]: how much time do I have? 2
2026-03-17 19:11:01 worker1[114824]: how much time do I have? 7
2026-03-17 19:11:01 worker2[115054]: how much time do I have? 10
2026-03-17 19:12:02 worker1[115513]: how much time do I have? 2
2026-03-17 19:12:02 worker2[115743]: how much time do I have? 3
2026-03-17 19:13:01 worker1[116197]: how much time do I have? 9
2026-03-17 19:13:01 worker2[116425]: how much time do I have? 5
2026-03-17 19:14:01 worker1[116884]: how much time do I have? 6
2026-03-17 19:14:01 worker2[117114]: how much time do I have? 9
2026-03-17 19:15:01 worker1[117576]: how much time do I have? 9
2026-03-17 19:15:01 worker2[117806]: how much time do I have? 4
2026-03-17 19:16:01 worker1[118261]: how much time do I have? 6
2026-03-17 19:16:01 worker2[118489]: how much time do I have? 9
2026-03-17 19:17:02 worker1[118947]: how much time do I have? 10
2026-03-17 19:17:02 worker2[119175]: how much time do I have? 10
2026-03-17 19:18:01 worker1[119629]: how much time do I have? 2
2026-03-17 19:18:01 worker2[119857]: how much time do I have? 2
2026-03-17 19:19:01 worker1[120311]: how much time do I have? 5
2026-03-17 19:19:01 worker2[120539]: how much time do I have? 2
2026-03-17 19:20:01 worker1[120998]: how much time do I have? 7
2026-03-17 19:20:01 worker2[121228]: how much time do I have? 10
2026-03-17 19:21:02 worker1[121682]: how much time do I have? 9
2026-03-17 19:21:02 worker2[121910]: how much time do I have? 7
2026-03-17 19:22:01 worker1[122364]: how much time do I have? 2
2026-03-17 19:22:01 worker2[122592]: how much time do I have? 4
2026-03-17 19:23:01 worker1[123047]: how much time do I have? 6
2026-03-17 19:23:01 worker2[123275]: how much time do I have? 4
2026-03-17 19:24:01 worker1[123729]: how much time do I have? 3
2026-03-17 19:24:01 worker2[123957]: how much time do I have? 9
2026-03-17 19:25:01 worker1[124415]: how much time do I have? 6
2026-03-17 19:25:02 worker2[124641]: how much time do I have? 10
2026-03-17 19:26:01 worker1[125092]: how much time do I have? 2
2026-03-17 19:26:01 worker2[125318]: how much time do I have? 10
2026-03-17 19:27:01 worker1[125768]: how much time do I have? 10
2026-03-17 19:27:01 worker2[125994]: how much time do I have? 6
2026-03-17 19:28:01 worker1[126445]: how much time do I have? 8
2026-03-17 19:28:01 worker2[126671]: how much time do I have? 10
2026-03-17 19:29:01 worker1[127121]: how much time do I have? 2
2026-03-17 19:29:01 worker2[127347]: how much time do I have? 10
2026-03-17 19:30:02 worker1[127797]: how much time do I have? 4
2026-03-17 19:30:02 worker2[128023]: how much time do I have? 2
2026-03-17 19:31:01 worker1[128480]: how much time do I have? 4
2026-03-17 19:31:01 worker2[128708]: how much time do I have? 9
2026-03-17 19:32:01 worker1[129162]: how much time do I have? 7
2026-03-17 19:32:01 worker2[129390]: how much time do I have? 10
2026-03-17 19:33:01 worker1[129845]: how much time do I have? 2
2026-03-17 19:33:01 worker2[130073]: how much time do I have? 4
2026-03-17 19:34:01 worker1[130527]: how much time do I have? 10
2026-03-17 19:34:01 worker2[130755]: how much time do I have? 8
2026-03-17 19:35:02 worker1[131218]: how much time do I have? 8
2026-03-17 19:35:02 worker2[131448]: how much time do I have? 4
2026-03-17 19:36:01 worker1[131902]: how much time do I have? 10
2026-03-17 19:36:01 worker2[132130]: how much time do I have? 9
2026-03-17 19:37:01 worker1[132584]: how much time do I have? 4
2026-03-17 19:37:01 worker2[132812]: how much time do I have? 8
2026-03-17 19:38:01 worker1[133267]: how much time do I have? 7
2026-03-17 19:38:01 worker2[133495]: how much time do I have? 4
2026-03-17 19:39:01 worker1[133949]: how much time do I have? 7
2026-03-17 19:39:02 worker2[134177]: how much time do I have? 7
2026-03-17 19:40:01 worker1[134634]: how much time do I have? 7
2026-03-17 19:40:01 worker2[134862]: how much time do I have? 10
2026-03-17 19:41:01 worker1[135316]: how much time do I have? 6
2026-03-17 19:41:01 worker2[135544]: how much time do I have? 8
2026-03-17 19:42:01 worker1[135998]: how much time do I have? 2
2026-03-17 19:42:01 worker2[136226]: how much time do I have? 5
2026-03-17 19:43:01 worker1[136681]: how much time do I have? 4
2026-03-17 19:43:01 worker2[136909]: how much time do I have? 8
2026-03-17 19:44:02 worker1[137359]: how much time do I have? 6
2026-03-17 19:44:02 worker2[137585]: how much time do I have? 6
2026-03-17 19:45:01 worker1[138039]: how much time do I have? 7
2026-03-17 19:45:01 worker2[138265]: how much time do I have? 9
2026-03-17 19:46:01 worker1[138716]: how much time do I have? 4
2026-03-17 19:46:01 worker2[138942]: how much time do I have? 2
2026-03-17 19:47:01 worker1[139392]: how much time do I have? 4
2026-03-17 19:47:01 worker2[139618]: how much time do I have? 10
2026-03-17 19:48:02 worker1[140074]: how much time do I have? 7
2026-03-17 19:48:02 worker2[140302]: how much time do I have? 3
2026-03-17 19:49:01 worker1[140756]: how much time do I have? 3
2026-03-17 19:49:01 worker2[140984]: how much time do I have? 2
2026-03-17 19:50:01 worker1[141533]: how much time do I have? 3
2026-03-17 19:50:01 worker2[141763]: how much time do I have? 3
2026-03-17 19:51:01 worker1[142217]: how much time do I have? 5
2026-03-17 19:51:01 worker2[142445]: how much time do I have? 5
2026-03-17 19:52:01 worker1[142899]: how much time do I have? 2
2026-03-17 19:52:01 worker2[143127]: how much time do I have? 4
2026-03-17 19:53:02 worker1[143582]: how much time do I have? 6
2026-03-17 19:53:02 worker2[143810]: how much time do I have? 5
2026-03-17 19:54:01 worker1[144264]: how much time do I have? 5
2026-03-17 19:54:01 worker2[144492]: how much time do I have? 2
2026-03-17 19:55:01 worker1[144950]: how much time do I have? 3
2026-03-17 19:55:01 worker2[145178]: how much time do I have? 10
2026-03-17 19:56:01 worker1[145628]: how much time do I have? 2
2026-03-17 19:56:01 worker2[145854]: how much time do I have? 10
2026-03-17 19:57:01 worker1[146304]: how much time do I have? 7
2026-03-17 19:57:02 worker2[146530]: how much time do I have? 2
2026-03-17 19:58:01 worker1[146980]: how much time do I have? 4
2026-03-17 19:58:01 worker2[147206]: how much time do I have? 2
2026-03-17 19:59:01 worker1[147653]: how much time do I have? 8
2026-03-17 19:59:01 worker2[147877]: how much time do I have? 5
2026-03-17 20:00:01 worker1[148323]: how much time do I have? 9
2026-03-17 20:00:01 worker2[148547]: how much time do I have? 10
2026-03-17 20:01:01 worker1[149000]: how much time do I have? 4
2026-03-17 20:01:01 worker2[149226]: how much time do I have? 7
2026-03-17 20:02:02 worker1[149676]: how much time do I have? 6
2026-03-17 20:02:02 worker2[149902]: how much time do I have? 8
2026-03-17 20:03:01 worker1[150357]: how much time do I have? 10
2026-03-17 20:03:01 worker2[150585]: how much time do I have? 7
2026-03-17 20:04:01 worker1[151040]: how much time do I have? 2
2026-03-17 20:04:01 worker2[151268]: how much time do I have? 8
2026-03-17 20:05:01 worker1[151726]: how much time do I have? 9
2026-03-17 20:05:01 worker2[151954]: how much time do I have? 9
2026-03-17 20:06:01 worker1[152404]: how much time do I have? 8
2026-03-17 20:06:01 worker2[152630]: how much time do I have? 7
2026-03-17 20:07:02 worker1[153080]: how much time do I have? 10
2026-03-17 20:07:02 worker2[153306]: how much time do I have? 2
2026-03-17 20:08:01 worker1[153752]: how much time do I have? 8
2026-03-17 20:08:01 worker2[153976]: how much time do I have? 6
2026-03-17 20:09:01 worker1[154423]: how much time do I have? 7
2026-03-17 20:09:01 worker2[154647]: how much time do I have? 6
2026-03-17 20:10:01 worker1[155098]: how much time do I have? 4
2026-03-17 20:10:01 worker2[155324]: how much time do I have? 3
2026-03-17 20:11:02 worker1[155781]: how much time do I have? 5
2026-03-17 20:11:02 worker2[156009]: how much time do I have? 9
2026-03-17 20:12:01 worker1[156463]: how much time do I have? 5
2026-03-17 20:12:01 worker2[156691]: how much time do I have? 9
2026-03-17 20:13:01 worker1[157145]: how much time do I have? 6
2026-03-17 20:13:01 worker2[157373]: how much time do I have? 9
2026-03-17 20:14:01 worker1[157828]: how much time do I have? 10
2026-03-17 20:14:01 worker2[158056]: how much time do I have? 3
2026-03-17 20:15:01 worker1[158514]: how much time do I have? 5
2026-03-17 20:15:01 worker2[158742]: how much time do I have? 2
2026-03-17 20:16:02 worker1[159192]: how much time do I have? 7
2026-03-17 20:16:02 worker2[159418]: how much time do I have? 2
2026-03-17 20:17:01 worker1[159871]: how much time do I have? 6
2026-03-17 20:17:01 worker2[160097]: how much time do I have? 7
2026-03-17 20:18:01 worker1[160547]: how much time do I have? 4
2026-03-17 20:18:01 worker2[160773]: how much time do I have? 8
2026-03-17 20:19:01 worker1[161224]: how much time do I have? 8
2026-03-17 20:19:01 worker2[161450]: how much time do I have? 9
2026-03-17 20:20:01 worker1[161908]: how much time do I have? 4
2026-03-17 20:20:02 worker2[162136]: how much time do I have? 4
2026-03-17 20:21:01 worker1[162590]: how much time do I have? 4
2026-03-17 20:21:01 worker2[162818]: how much time do I have? 10
2026-03-17 20:22:01 worker1[163277]: how much time do I have? 6
2026-03-17 20:22:01 worker2[163507]: how much time do I have? 3
2026-03-17 20:23:01 worker1[163965]: how much time do I have? 10
2026-03-17 20:23:01 worker2[164195]: how much time do I have? 5
2026-03-17 20:24:01 worker1[164654]: how much time do I have? 10
2026-03-17 20:24:01 worker2[164884]: how much time do I have? 4
2026-03-17 20:25:02 worker1[165346]: how much time do I have? 8
2026-03-17 20:25:02 worker2[165576]: how much time do I have? 5
2026-03-17 20:26:01 worker1[166026]: how much time do I have? 9
2026-03-17 20:26:01 worker2[166252]: how much time do I have? 8
2026-03-17 20:27:01 worker1[166702]: how much time do I have? 6
2026-03-17 20:27:01 worker2[166928]: how much time do I have? 5
2026-03-17 20:28:01 worker1[167378]: how much time do I have? 10
2026-03-17 20:28:01 worker2[167604]: how much time do I have? 6
2026-03-17 20:29:01 worker1[168055]: how much time do I have? 8
2026-03-17 20:29:02 worker2[168281]: how much time do I have? 6
2026-03-17 20:30:01 worker1[168731]: how much time do I have? 2
2026-03-17 20:30:01 worker2[168957]: how much time do I have? 7
2026-03-17 20:31:01 worker1[169414]: how much time do I have? 9
2026-03-17 20:31:01 worker2[169642]: how much time do I have? 8
2026-03-17 20:32:01 worker1[170096]: how much time do I have? 2
2026-03-17 20:32:01 worker2[170324]: how much time do I have? 2
2026-03-17 20:33:01 worker1[170778]: how much time do I have? 6
2026-03-17 20:33:01 worker2[171006]: how much time do I have? 8
2026-03-17 20:34:02 worker1[171461]: how much time do I have? 3
2026-03-17 20:34:02 worker2[171689]: how much time do I have? 3
2026-03-17 20:35:01 worker1[172147]: how much time do I have? 10
2026-03-17 20:35:01 worker2[172375]: how much time do I have? 4
2026-03-17 20:36:01 worker1[172825]: how much time do I have? 6
2026-03-17 20:36:01 worker2[173051]: how much time do I have? 7
2026-03-17 20:37:01 worker1[173501]: how much time do I have? 8
2026-03-17 20:37:01 worker2[173727]: how much time do I have? 2
2026-03-17 20:38:01 worker1[174178]: how much time do I have? 5
2026-03-17 20:38:02 worker2[174404]: how much time do I have? 8
2026-03-17 20:39:01 worker1[174854]: how much time do I have? 7
2026-03-17 20:39:01 worker2[175080]: how much time do I have? 4
2026-03-17 20:40:01 worker1[175531]: how much time do I have? 3
2026-03-17 20:40:01 worker2[175757]: how much time do I have? 10
2026-03-17 20:41:01 worker1[176225]: how much time do I have? 5
2026-03-17 20:41:01 worker2[176455]: how much time do I have? 3
2026-03-17 20:42:01 worker1[176913]: how much time do I have? 4
2026-03-17 20:42:01 worker2[177143]: how much time do I have? 3
2026-03-17 20:43:02 worker1[177601]: how much time do I have? 6
2026-03-17 20:43:02 worker2[177831]: how much time do I have? 7
2026-03-17 20:44:01 worker1[178289]: how much time do I have? 6
2026-03-17 20:44:01 worker2[178519]: how much time do I have? 9
2026-03-17 20:45:01 worker1[178982]: how much time do I have? 7
2026-03-17 20:45:01 worker2[179212]: how much time do I have? 10
2026-03-17 20:46:01 worker1[179666]: how much time do I have? 10
2026-03-17 20:46:01 worker2[179894]: how much time do I have? 5
2026-03-17 20:47:01 worker1[180344]: how much time do I have? 6
2026-03-17 20:47:02 worker2[180570]: how much time do I have? 2
2026-03-17 20:48:01 worker1[181020]: how much time do I have? 6
2026-03-17 20:48:01 worker2[181246]: how much time do I have? 4
2026-03-17 20:49:01 worker1[181696]: how much time do I have? 5
2026-03-17 20:49:01 worker2[181922]: how much time do I have? 6
2026-03-17 20:50:01 worker1[182376]: how much time do I have? 2
2026-03-17 20:50:01 worker2[182602]: how much time do I have? 10
2026-03-17 20:51:01 worker1[183052]: how much time do I have? 3
2026-03-17 20:51:01 worker2[183278]: how much time do I have? 2
2026-03-17 20:52:02 worker1[183728]: how much time do I have? 2
2026-03-17 20:52:02 worker2[183954]: how much time do I have? 10
2026-03-17 20:53:01 worker1[184404]: how much time do I have? 8
2026-03-17 20:53:01 worker2[184630]: how much time do I have? 6
2026-03-17 20:54:01 worker1[185080]: how much time do I have? 5
2026-03-17 20:54:01 worker2[185306]: how much time do I have? 10
2026-03-17 20:55:01 worker1[185761]: how much time do I have? 9
2026-03-17 20:55:01 worker2[185987]: how much time do I have? 5
2026-03-17 20:56:01 worker1[186438]: how much time do I have? 6
2026-03-17 20:56:02 worker2[186664]: how much time do I have? 5
2026-03-17 20:57:01 worker1[187114]: how much time do I have? 2
2026-03-17 20:57:01 worker2[187340]: how much time do I have? 2
2026-03-17 20:58:01 worker1[187795]: how much time do I have? 5
2026-03-17 20:58:01 worker2[188023]: how much time do I have? 9
2026-03-17 20:59:01 worker1[188477]: how much time do I have? 3
2026-03-17 20:59:01 worker2[188705]: how much time do I have? 5
2026-03-17 21:00:01 worker1[189167]: how much time do I have? 7
2026-03-17 21:00:01 worker2[189397]: how much time do I have? 8
2026-03-17 21:01:02 worker1[189855]: how much time do I have? 9
2026-03-17 21:01:02 worker2[190085]: how much time do I have? 5
2026-03-17 21:02:01 worker1[190539]: how much time do I have? 10
2026-03-17 21:02:01 worker2[190767]: how much time do I have? 3
2026-03-17 21:03:01 worker1[191217]: how much time do I have? 6
2026-03-17 21:03:01 worker2[191443]: how much time do I have? 2
2026-03-17 21:04:01 worker1[191893]: how much time do I have? 4
2026-03-17 21:04:01 worker2[192119]: how much time do I have? 7
2026-03-17 21:05:01 worker1[192574]: how much time do I have? 2
2026-03-17 21:05:02 worker2[192800]: how much time do I have? 2
2026-03-17 21:06:01 worker1[193246]: how much time do I have? 3
2026-03-17 21:06:01 worker2[193470]: how much time do I have? 2
2026-03-17 21:07:01 worker1[193921]: how much time do I have? 10
2026-03-17 21:07:01 worker2[194147]: how much time do I have? 2
2026-03-17 21:08:01 worker1[194597]: how much time do I have? 4
2026-03-17 21:08:01 worker2[194823]: how much time do I have? 8
2026-03-17 21:09:01 worker1[195273]: how much time do I have? 10
2026-03-17 21:09:01 worker2[195499]: how much time do I have? 2
2026-03-17 21:10:02 worker1[195950]: how much time do I have? 3
2026-03-17 21:10:02 worker2[196176]: how much time do I have? 6
2026-03-17 21:11:01 worker1[196633]: how much time do I have? 3
2026-03-17 21:11:01 worker2[196861]: how much time do I have? 6
2026-03-17 21:12:01 worker1[197316]: how much time do I have? 6
2026-03-17 21:12:01 worker2[197544]: how much time do I have? 3
2026-03-17 21:13:01 worker1[197998]: how much time do I have? 10
2026-03-17 21:13:01 worker2[198226]: how much time do I have? 10
2026-03-17 21:14:01 worker1[198680]: how much time do I have? 10
2026-03-17 21:14:02 worker2[198908]: how much time do I have? 7
2026-03-17 21:15:01 worker1[199366]: how much time do I have? 4
2026-03-17 21:15:01 worker2[199594]: how much time do I have? 5
2026-03-17 21:16:01 worker1[200045]: how much time do I have? 4
2026-03-17 21:16:01 worker2[200271]: how much time do I have? 8
2026-03-17 21:17:01 worker1[200729]: how much time do I have? 4
2026-03-17 21:17:01 worker2[200957]: how much time do I have? 7
2026-03-17 21:18:01 worker1[201411]: how much time do I have? 5
2026-03-17 21:18:01 worker2[201639]: how much time do I have? 8
2026-03-17 21:19:02 worker1[202093]: how much time do I have? 4
2026-03-17 21:19:02 worker2[202321]: how much time do I have? 4
2026-03-17 21:20:01 worker1[202782]: how much time do I have? 4
2026-03-17 21:20:01 worker2[203012]: how much time do I have? 7
2026-03-17 21:21:01 worker1[203471]: how much time do I have? 6
2026-03-17 21:21:01 worker2[203701]: how much time do I have? 9
2026-03-17 21:22:01 worker1[204155]: how much time do I have? 6
2026-03-17 21:22:01 worker2[204383]: how much time do I have? 10
2026-03-17 21:23:01 worker1[204833]: how much time do I have? 10
2026-03-17 21:23:01 worker2[205059]: how much time do I have? 7
2026-03-17 21:24:02 worker1[205509]: how much time do I have? 3
2026-03-17 21:24:02 worker2[205735]: how much time do I have? 8
2026-03-17 21:25:01 worker1[206194]: how much time do I have? 3
2026-03-17 21:25:01 worker2[206422]: how much time do I have? 8
2026-03-17 21:26:01 worker1[206873]: how much time do I have? 7
2026-03-17 21:26:01 worker2[207099]: how much time do I have? 4
2026-03-17 21:27:01 worker1[207549]: how much time do I have? 6
2026-03-17 21:27:01 worker2[207775]: how much time do I have? 3
2026-03-17 21:28:02 worker1[208225]: how much time do I have? 5
2026-03-17 21:28:02 worker2[208451]: how much time do I have? 6
2026-03-17 21:29:01 worker1[208901]: how much time do I have? 9
2026-03-17 21:29:01 worker2[209127]: how much time do I have? 9
2026-03-17 21:30:01 worker1[209608]: how much time do I have? 8
2026-03-17 21:30:01 worker2[209834]: how much time do I have? 10
2026-03-17 21:31:01 worker1[210292]: how much time do I have? 5
2026-03-17 21:31:01 worker2[210520]: how much time do I have? 3
2026-03-17 21:32:01 worker1[210974]: how much time do I have? 8
2026-03-17 21:32:01 worker2[211202]: how much time do I have? 3
2026-03-17 21:33:02 worker1[211656]: how much time do I have? 4
2026-03-17 21:33:02 worker2[211884]: how much time do I have? 2
2026-03-17 21:34:01 worker1[212338]: how much time do I have? 6
2026-03-17 21:34:01 worker2[212566]: how much time do I have? 8
2026-03-17 21:35:01 worker1[213024]: how much time do I have? 6
2026-03-17 21:35:01 worker2[213252]: how much time do I have? 2
2026-03-17 21:36:01 worker1[213703]: how much time do I have? 2
2026-03-17 21:36:01 worker2[213929]: how much time do I have? 10
2026-03-17 21:37:01 worker1[214379]: how much time do I have? 3
2026-03-17 21:37:02 worker2[214605]: how much time do I have? 10
2026-03-17 21:38:01 worker1[215055]: how much time do I have? 4
2026-03-17 21:38:01 worker2[215281]: how much time do I have? 9
2026-03-17 21:39:01 worker1[215731]: how much time do I have? 8
2026-03-17 21:39:01 worker2[215957]: how much time do I have? 5
2026-03-17 21:40:01 worker1[216407]: how much time do I have? 7
2026-03-17 21:40:01 worker2[216633]: how much time do I have? 6
2026-03-17 21:41:01 worker1[217091]: how much time do I have? 5
2026-03-17 21:41:01 worker2[217319]: how much time do I have? 2
2026-03-17 21:42:02 worker1[217773]: how much time do I have? 3
2026-03-17 21:42:02 worker2[218001]: how much time do I have? 6
2026-03-17 21:43:01 worker1[218455]: how much time do I have? 3
2026-03-17 21:43:01 worker2[218683]: how much time do I have? 4
2026-03-17 21:44:01 worker1[219137]: how much time do I have? 2
2026-03-17 21:44:01 worker2[219365]: how much time do I have? 7
2026-03-17 21:45:01 worker1[219819]: how much time do I have? 7
2026-03-17 21:45:01 worker2[220045]: how much time do I have? 3
2026-03-17 21:46:01 worker1[220497]: how much time do I have? 3
2026-03-17 21:46:02 worker2[220723]: how much time do I have? 3
2026-03-17 21:47:01 worker1[221173]: how much time do I have? 7
2026-03-17 21:47:01 worker2[221399]: how much time do I have? 5
2026-03-17 21:48:01 worker1[221849]: how much time do I have? 9
2026-03-17 21:48:01 worker2[222075]: how much time do I have? 8
2026-03-17 21:49:01 worker1[222525]: how much time do I have? 9
2026-03-17 21:49:01 worker2[222751]: how much time do I have? 3
2026-03-17 21:50:01 worker1[223206]: how much time do I have? 5
2026-03-17 21:50:01 worker2[223434]: how much time do I have? 5
2026-03-17 21:51:02 worker1[223889]: how much time do I have? 3
2026-03-17 21:51:02 worker2[224117]: how much time do I have? 8
2026-03-17 21:52:01 worker1[224571]: how much time do I have? 4
2026-03-17 21:52:01 worker2[224799]: how much time do I have? 4
2026-03-17 21:53:01 worker1[225259]: how much time do I have? 5
2026-03-17 21:53:01 worker2[225487]: how much time do I have? 3
2026-03-17 21:54:01 worker1[225937]: how much time do I have? 8
2026-03-17 21:54:01 worker2[226163]: how much time do I have? 6
2026-03-17 21:55:01 worker1[226617]: how much time do I have? 4
2026-03-17 21:55:01 worker2[226843]: how much time do I have? 2
2026-03-17 21:56:02 worker1[227290]: how much time do I have? 7
2026-03-17 21:56:02 worker2[227514]: how much time do I have? 6
2026-03-17 21:57:01 worker1[227965]: how much time do I have? 3
2026-03-17 21:57:01 worker2[228191]: how much time do I have? 5
2026-03-17 21:58:01 worker1[228641]: how much time do I have? 4
2026-03-17 21:58:01 worker2[228867]: how much time do I have? 6
2026-03-17 21:59:01 worker1[229322]: how much time do I have? 2
2026-03-17 21:59:01 worker2[229550]: how much time do I have? 3
2026-03-17 22:00:01 worker1[230006]: how much time do I have? 5
2026-03-17 22:00:02 worker2[230234]: how much time do I have? 8
2026-03-17 22:01:01 worker1[230688]: how much time do I have? 10
2026-03-17 22:01:01 worker2[230916]: how much time do I have? 8
2026-03-17 22:02:01 worker1[231367]: how much time do I have? 9
2026-03-17 22:02:01 worker2[231593]: how much time do I have? 5
2026-03-17 22:03:01 worker1[232048]: how much time do I have? 5
2026-03-17 22:03:01 worker2[232276]: how much time do I have? 5
2026-03-17 22:04:01 worker1[232730]: how much time do I have? 7
2026-03-17 22:04:01 worker2[232958]: how much time do I have? 8
2026-03-17 22:05:02 worker1[233416]: how much time do I have? 6
2026-03-17 22:05:02 worker2[233644]: how much time do I have? 7
2026-03-17 22:06:01 worker1[234098]: how much time do I have? 3
2026-03-17 22:06:01 worker2[234326]: how much time do I have? 6
2026-03-17 22:07:01 worker1[234781]: how much time do I have? 7
2026-03-17 22:07:01 worker2[235009]: how much time do I have? 3
2026-03-17 22:08:01 worker1[235459]: how much time do I have? 5
2026-03-17 22:08:01 worker2[235685]: how much time do I have? 5
2026-03-17 22:09:01 worker1[236135]: how much time do I have? 2
2026-03-17 22:09:02 worker2[236361]: how much time do I have? 3
2026-03-17 22:10:01 worker1[236811]: how much time do I have? 2
2026-03-17 22:10:01 worker2[237037]: how much time do I have? 10
2026-03-17 22:11:01 worker1[237499]: how much time do I have? 9
2026-03-17 22:11:01 worker2[237729]: how much time do I have? 5
2026-03-17 22:12:01 worker1[238188]: how much time do I have? 7
2026-03-17 22:12:01 worker2[238418]: how much time do I have? 10
2026-03-17 22:13:01 worker1[238876]: how much time do I have? 9
2026-03-17 22:13:01 worker2[239106]: how much time do I have? 9
2026-03-17 22:14:02 worker1[239560]: how much time do I have? 4
2026-03-17 22:14:02 worker2[239788]: how much time do I have? 4
2026-03-17 22:15:01 worker1[240246]: how much time do I have? 7
2026-03-17 22:15:01 worker2[240474]: how much time do I have? 7
2026-03-17 22:16:01 worker1[240920]: how much time do I have? 2
2026-03-17 22:16:01 worker2[241144]: how much time do I have? 3
2026-03-17 22:17:01 worker1[241599]: how much time do I have? 6
2026-03-17 22:17:01 worker2[241825]: how much time do I have? 6
2026-03-17 22:18:01 worker1[242275]: how much time do I have? 3
2026-03-17 22:18:02 worker2[242501]: how much time do I have? 9
2026-03-17 22:19:01 worker1[242956]: how much time do I have? 6
2026-03-17 22:19:01 worker2[243184]: how much time do I have? 9
2026-03-17 22:20:01 worker1[243643]: how much time do I have? 4
2026-03-17 22:20:01 worker2[243873]: how much time do I have? 8
2026-03-17 22:21:01 worker1[244331]: how much time do I have? 10
2026-03-17 22:21:01 worker2[244561]: how much time do I have? 3
2026-03-17 22:22:02 worker1[245020]: how much time do I have? 6
2026-03-17 22:22:02 worker2[245250]: how much time do I have? 8
2026-03-17 22:23:01 worker1[245708]: how much time do I have? 6
2026-03-17 22:23:01 worker2[245938]: how much time do I have? 2
2026-03-17 22:24:01 worker1[246392]: how much time do I have? 3
2026-03-17 22:24:01 worker2[246620]: how much time do I have? 4
2026-03-17 22:25:01 worker1[247078]: how much time do I have? 9
2026-03-17 22:25:01 worker2[247306]: how much time do I have? 7
2026-03-17 22:26:02 worker1[247756]: how much time do I have? 4
2026-03-17 22:26:02 worker2[247982]: how much time do I have? 6
2026-03-17 22:27:01 worker1[248428]: how much time do I have? 9
2026-03-17 22:27:01 worker2[248652]: how much time do I have? 4
2026-03-17 22:28:01 worker1[249104]: how much time do I have? 5
2026-03-17 22:28:01 worker2[249330]: how much time do I have? 6
2026-03-17 22:29:01 worker1[249780]: how much time do I have? 5
2026-03-17 22:29:01 worker2[250006]: how much time do I have? 9
2026-03-17 22:30:01 worker1[250456]: how much time do I have? 6
2026-03-17 22:30:02 worker2[250682]: how much time do I have? 10
2026-03-17 22:31:01 worker1[251139]: how much time do I have? 4
2026-03-17 22:31:01 worker2[251367]: how much time do I have? 5
2026-03-17 22:32:01 worker1[251821]: how much time do I have? 7
2026-03-17 22:32:01 worker2[252049]: how much time do I have? 5
2026-03-17 22:33:01 worker1[252504]: how much time do I have? 6
2026-03-17 22:33:01 worker2[252732]: how much time do I have? 6
2026-03-17 22:34:01 worker1[253197]: how much time do I have? 4
2026-03-17 22:34:01 worker2[253427]: how much time do I have? 10
2026-03-17 22:35:02 worker1[253889]: how much time do I have? 3
2026-03-17 22:35:02 worker2[254119]: how much time do I have? 6
2026-03-17 22:36:01 worker1[254573]: how much time do I have? 8
2026-03-17 22:36:01 worker2[254801]: how much time do I have? 8
2026-03-17 22:37:01 worker1[255260]: how much time do I have? 9
2026-03-17 22:37:01 worker2[255490]: how much time do I have? 5
2026-03-17 22:38:01 worker1[255945]: how much time do I have? 4
2026-03-17 22:38:01 worker2[256173]: how much time do I have? 5
2026-03-17 22:39:01 worker1[256628]: how much time do I have? 7
2026-03-17 22:39:02 worker2[256856]: how much time do I have? 7
2026-03-17 22:40:02 worker1[257317]: how much time do I have? 3
2026-03-17 22:40:02 worker2[257547]: how much time do I have? 6
2026-03-17 22:41:01 worker1[258005]: how much time do I have? 4
2026-03-17 22:41:01 worker2[258235]: how much time do I have? 9
2026-03-17 22:42:01 worker1[258693]: how much time do I have? 4
2026-03-17 22:42:01 worker2[258923]: how much time do I have? 8
2026-03-17 22:43:01 worker1[259378]: how much time do I have? 3
2026-03-17 22:43:01 worker2[259606]: how much time do I have? 10
2026-03-17 22:44:02 worker1[260056]: how much time do I have? 9
2026-03-17 22:44:02 worker2[260282]: how much time do I have? 5
2026-03-17 22:45:01 worker1[260736]: how much time do I have? 10
2026-03-17 22:45:01 worker2[260962]: how much time do I have? 6
2026-03-17 22:46:01 worker1[261413]: how much time do I have? 5
2026-03-17 22:46:01 worker2[261639]: how much time do I have? 8
2026-03-17 22:47:01 worker1[262089]: how much time do I have? 9
2026-03-17 22:47:01 worker2[262315]: how much time do I have? 4
2026-03-17 22:48:01 worker1[262766]: how much time do I have? 3
2026-03-17 22:48:01 worker2[262992]: how much time do I have? 6
2026-03-17 22:49:02 worker1[263442]: how much time do I have? 9
2026-03-17 22:49:02 worker2[263668]: how much time do I have? 8
2026-03-17 22:50:01 worker1[264126]: how much time do I have? 8
2026-03-17 22:50:01 worker2[264356]: how much time do I have? 5
2026-03-17 22:51:01 worker1[264814]: how much time do I have? 7
2026-03-17 22:51:01 worker2[265044]: how much time do I have? 2
2026-03-17 22:52:01 worker1[265498]: how much time do I have? 9
2026-03-17 22:52:01 worker2[265726]: how much time do I have? 10
2026-03-17 22:53:02 worker1[266181]: how much time do I have? 8
2026-03-17 22:53:02 worker2[266409]: how much time do I have? 7
2026-03-17 22:54:01 worker1[266863]: how much time do I have? 9
2026-03-17 22:54:01 worker2[267091]: how much time do I have? 5
2026-03-17 22:55:01 worker1[267549]: how much time do I have? 9
2026-03-17 22:55:01 worker2[267777]: how much time do I have? 5
2026-03-17 22:56:01 worker1[268223]: how much time do I have? 8
2026-03-17 22:56:01 worker2[268447]: how much time do I have? 9
2026-03-17 22:57:01 worker1[268893]: how much time do I have? 5
2026-03-17 22:57:01 worker2[269117]: how much time do I have? 10
2026-03-17 22:58:02 worker1[269564]: how much time do I have? 9
2026-03-17 22:58:02 worker2[269788]: how much time do I have? 7
2026-03-17 22:59:01 worker1[270234]: how much time do I have? 9
2026-03-17 22:59:01 worker2[270458]: how much time do I have? 6
2026-03-17 23:00:01 worker1[270909]: how much time do I have? 4
2026-03-17 23:00:01 worker2[271135]: how much time do I have? 6
2026-03-17 23:01:01 worker1[271592]: how much time do I have? 3
2026-03-17 23:01:01 worker2[271820]: how much time do I have? 6
2026-03-17 23:02:01 worker1[272274]: how much time do I have? 9
2026-03-17 23:02:02 worker2[272502]: how much time do I have? 9
2026-03-17 23:03:01 worker1[272956]: how much time do I have? 9
2026-03-17 23:03:01 worker2[273184]: how much time do I have? 7
2026-03-17 23:04:01 worker1[273639]: how much time do I have? 6
2026-03-17 23:04:01 worker2[273867]: how much time do I have? 9
2026-03-17 23:05:01 worker1[274321]: how much time do I have? 2
2026-03-17 23:05:01 worker2[274547]: how much time do I have? 3
2026-03-17 23:06:01 worker1[274997]: how much time do I have? 7
2026-03-17 23:06:01 worker2[275223]: how much time do I have? 3
2026-03-17 23:07:02 worker1[275673]: how much time do I have? 3
2026-03-17 23:07:02 worker2[275899]: how much time do I have? 3
2026-03-17 23:08:01 worker1[276359]: how much time do I have? 2
2026-03-17 23:08:01 worker2[276589]: how much time do I have? 5
2026-03-17 23:09:01 worker1[277048]: how much time do I have? 2
2026-03-17 23:09:01 worker2[277278]: how much time do I have? 4
2026-03-17 23:10:01 worker1[277736]: how much time do I have? 9
2026-03-17 23:10:01 worker2[277966]: how much time do I have? 3
2026-03-17 23:11:01 worker1[278427]: how much time do I have? 3
2026-03-17 23:11:02 worker2[278657]: how much time do I have? 8
2026-03-17 23:12:01 worker1[279115]: how much time do I have? 3
2026-03-17 23:12:01 worker2[279345]: how much time do I have? 5
2026-03-17 23:13:01 worker1[279795]: how much time do I have? 10
2026-03-17 23:13:01 worker2[280021]: how much time do I have? 4
2026-03-17 23:14:01 worker1[280472]: how much time do I have? 3
2026-03-17 23:14:01 worker2[280698]: how much time do I have? 3
2026-03-17 23:15:01 worker1[281157]: how much time do I have? 10
2026-03-17 23:15:01 worker2[281385]: how much time do I have? 4
2026-03-17 23:16:02 worker1[281840]: how much time do I have? 4
2026-03-17 23:16:02 worker2[282068]: how much time do I have? 10
2026-03-17 23:17:01 worker1[282525]: how much time do I have? 3
2026-03-17 23:17:01 worker2[282753]: how much time do I have? 7
2026-03-17 23:18:01 worker1[283207]: how much time do I have? 5
2026-03-17 23:18:01 worker2[283435]: how much time do I have? 10
2026-03-17 23:19:01 worker1[283890]: how much time do I have? 5
2026-03-17 23:19:01 worker2[284118]: how much time do I have? 5
2026-03-17 23:20:01 worker1[284577]: how much time do I have? 9
2026-03-17 23:20:02 worker2[284807]: how much time do I have? 2
2026-03-17 23:21:01 worker1[285257]: how much time do I have? 6
2026-03-17 23:21:01 worker2[285483]: how much time do I have? 7
2026-03-17 23:22:01 worker1[285938]: how much time do I have? 7
2026-03-17 23:22:01 worker2[286166]: how much time do I have? 8
2026-03-17 23:23:01 worker1[286620]: how much time do I have? 6
2026-03-17 23:23:01 worker2[286848]: how much time do I have? 4
2026-03-17 23:24:01 worker1[287303]: how much time do I have? 4
2026-03-17 23:24:01 worker2[287531]: how much time do I have? 5
2026-03-17 23:25:02 worker1[287989]: how much time do I have? 4
2026-03-17 23:25:02 worker2[288217]: how much time do I have? 5
2026-03-17 23:26:01 worker1[288672]: how much time do I have? 4
2026-03-17 23:26:01 worker2[288900]: how much time do I have? 5
2026-03-17 23:27:01 worker1[289354]: how much time do I have? 4
2026-03-17 23:27:01 worker2[289582]: how much time do I have? 7
2026-03-17 23:28:01 worker1[290036]: how much time do I have? 10
2026-03-17 23:28:01 worker2[290264]: how much time do I have? 7
2026-03-17 23:29:01 worker1[290719]: how much time do I have? 8
2026-03-17 23:29:02 worker2[290947]: how much time do I have? 10
2026-03-17 23:30:01 worker1[291406]: how much time do I have? 10
2026-03-17 23:30:01 worker2[291636]: how much time do I have? 2
2026-03-17 23:31:01 worker1[292106]: how much time do I have? 2
2026-03-17 23:31:01 worker2[292340]: how much time do I have? 8
2026-03-17 23:32:01 worker1[292806]: how much time do I have? 8
2026-03-17 23:32:01 worker2[293040]: how much time do I have? 10
2026-03-17 23:33:01 worker1[293506]: how much time do I have? 6
2026-03-17 23:33:01 worker2[293740]: how much time do I have? 6
2026-03-17 23:34:02 worker1[294207]: how much time do I have? 3
2026-03-17 23:34:02 worker2[294441]: how much time do I have? 2
2026-03-17 23:35:01 worker1[294911]: how much time do I have? 10
2026-03-17 23:35:01 worker2[295145]: how much time do I have? 10
2026-03-17 23:36:01 worker1[295603]: how much time do I have? 3
2026-03-17 23:36:01 worker2[295833]: how much time do I have? 6
2026-03-17 23:37:01 worker1[296287]: how much time do I have? 7
2026-03-17 23:37:01 worker2[296515]: how much time do I have? 7
2026-03-17 23:38:02 worker1[296976]: how much time do I have? 9
2026-03-17 23:38:02 worker2[297204]: how much time do I have? 10
2026-03-17 23:39:01 worker1[297658]: how much time do I have? 2
2026-03-17 23:39:01 worker2[297886]: how much time do I have? 8
2026-03-17 23:40:01 worker1[298346]: how much time do I have? 9
2026-03-17 23:40:01 worker2[298576]: how much time do I have? 9
2026-03-17 23:41:01 worker1[299041]: how much time do I have? 3
2026-03-17 23:41:01 worker2[299273]: how much time do I have? 3
2026-03-17 23:42:01 worker1[299735]: how much time do I have? 9
2026-03-17 23:42:01 worker2[299967]: how much time do I have? 9
2026-03-17 23:43:02 worker1[300425]: how much time do I have? 9
2026-03-17 23:43:02 worker2[300655]: how much time do I have? 7
2026-03-17 23:44:01 worker1[301113]: how much time do I have? 5
2026-03-17 23:44:01 worker2[301343]: how much time do I have? 4
2026-03-17 23:45:01 worker1[301802]: how much time do I have? 9
2026-03-17 23:45:01 worker2[302030]: how much time do I have? 10
2026-03-17 23:46:01 worker1[302481]: how much time do I have? 10
2026-03-17 23:46:01 worker2[302707]: how much time do I have? 10
2026-03-17 23:47:01 worker1[303157]: how much time do I have? 3
2026-03-17 23:47:02 worker2[303383]: how much time do I have? 3
2026-03-17 23:48:01 worker1[303833]: how much time do I have? 9
2026-03-17 23:48:01 worker2[304059]: how much time do I have? 9
2026-03-17 23:49:01 worker1[304509]: how much time do I have? 3
2026-03-17 23:49:01 worker2[304735]: how much time do I have? 6
2026-03-17 23:50:01 worker1[305193]: how much time do I have? 9
2026-03-17 23:50:01 worker2[305421]: how much time do I have? 4
2026-03-17 23:51:01 worker1[305875]: how much time do I have? 2
2026-03-17 23:51:01 worker2[306103]: how much time do I have? 4
2026-03-17 23:52:02 worker1[306557]: how much time do I have? 5
2026-03-17 23:52:02 worker2[306785]: how much time do I have? 3
2026-03-17 23:53:01 worker1[307239]: how much time do I have? 9
2026-03-17 23:53:01 worker2[307467]: how much time do I have? 2
2026-03-17 23:54:01 worker1[307921]: how much time do I have? 9
2026-03-17 23:54:01 worker2[308149]: how much time do I have? 10
2026-03-17 23:55:01 worker1[308613]: how much time do I have? 3
2026-03-17 23:55:01 worker2[308843]: how much time do I have? 3
2026-03-17 23:56:01 worker1[309297]: how much time do I have? 5
2026-03-17 23:56:02 worker2[309525]: how much time do I have? 6
2026-03-17 23:57:01 worker1[309979]: how much time do I have? 7
2026-03-17 23:57:01 worker2[310207]: how much time do I have? 9
2026-03-17 23:58:01 worker1[310661]: how much time do I have? 3
2026-03-17 23:58:01 worker2[310889]: how much time do I have? 6
2026-03-17 23:59:01 worker1[311346]: how much time do I have? 10
2026-03-17 23:59:01 worker2[311574]: how much time do I have? 6
2026-03-18 00:00:01 worker1[312043]: how much time do I have? 8
2026-03-18 00:00:01 worker2[312271]: how much time do I have? 3
2026-03-18 00:01:02 worker1[312725]: how much time do I have? 5
2026-03-18 00:01:02 worker2[312953]: how much time do I have? 5
2026-03-18 00:02:01 worker1[313407]: how much time do I have? 8
2026-03-18 00:02:01 worker2[313635]: how much time do I have? 10
2026-03-18 00:03:01 worker1[314089]: how much time do I have? 2
2026-03-18 00:03:01 worker2[314317]: how much time do I have? 2
2026-03-18 00:04:01 worker1[314771]: how much time do I have? 9
2026-03-18 00:04:01 worker2[314999]: how much time do I have? 6
2026-03-18 00:05:01 worker1[315458]: how much time do I have? 3
2026-03-18 00:05:02 worker2[315686]: how much time do I have? 3
2026-03-18 00:06:01 worker1[316136]: how much time do I have? 10
2026-03-18 00:06:01 worker2[316362]: how much time do I have? 4
2026-03-18 00:07:01 worker1[316812]: how much time do I have? 7
2026-03-18 00:07:01 worker2[317038]: how much time do I have? 2
2026-03-18 00:08:01 worker1[317504]: how much time do I have? 7
2026-03-18 00:08:01 worker2[317732]: how much time do I have? 8
2026-03-18 00:09:01 worker1[318186]: how much time do I have? 6
2026-03-18 00:09:01 worker2[318414]: how much time do I have? 9
2026-03-18 00:10:02 worker1[318869]: how much time do I have? 10
2026-03-18 00:10:02 worker2[319097]: how much time do I have? 8
2026-03-18 00:11:01 worker1[319558]: how much time do I have? 2
2026-03-18 00:11:01 worker2[319788]: how much time do I have? 4
2026-03-18 00:12:01 worker1[320246]: how much time do I have? 3
2026-03-18 00:12:01 worker2[320476]: how much time do I have? 2
2026-03-18 00:13:01 worker1[320930]: how much time do I have? 10
2026-03-18 00:13:01 worker2[321158]: how much time do I have? 9
2026-03-18 00:14:01 worker1[321617]: how much time do I have? 8
2026-03-18 00:14:02 worker2[321847]: how much time do I have? 10
2026-03-18 00:15:01 worker1[322309]: how much time do I have? 6
2026-03-18 00:15:01 worker2[322539]: how much time do I have? 7
2026-03-18 00:16:01 worker1[322990]: how much time do I have? 3
2026-03-18 00:16:01 worker2[323216]: how much time do I have? 5
2026-03-18 00:17:01 worker1[323678]: how much time do I have? 10
2026-03-18 00:17:01 worker2[323906]: how much time do I have? 8
2026-03-18 00:18:01 worker1[324360]: how much time do I have? 10
2026-03-18 00:18:01 worker2[324588]: how much time do I have? 8
2026-03-18 00:19:02 worker1[325047]: how much time do I have? 10
2026-03-18 00:19:02 worker2[325277]: how much time do I have? 9
2026-03-18 00:20:01 worker1[325742]: how much time do I have? 6
2026-03-18 00:20:01 worker2[325974]: how much time do I have? 5
2026-03-18 00:21:01 worker1[326437]: how much time do I have? 10
2026-03-18 00:21:01 worker2[326669]: how much time do I have? 10
2026-03-18 00:22:01 worker1[327131]: how much time do I have? 4
2026-03-18 00:22:01 worker2[327363]: how much time do I have? 10
2026-03-18 00:23:01 worker1[327821]: how much time do I have? 2
2026-03-18 00:23:02 worker2[328051]: how much time do I have? 6
2026-03-18 00:24:01 worker1[328505]: how much time do I have? 2
2026-03-18 00:24:01 worker2[328733]: how much time do I have? 9
2026-03-18 00:25:01 worker1[329191]: how much time do I have? 4
2026-03-18 00:25:01 worker2[329419]: how much time do I have? 2
2026-03-18 00:26:01 worker1[329866]: how much time do I have? 8
2026-03-18 00:26:01 worker2[330090]: how much time do I have? 9
2026-03-18 00:27:01 worker1[330536]: how much time do I have? 7
2026-03-18 00:27:01 worker2[330760]: how much time do I have? 9
2026-03-18 00:28:02 worker1[331206]: how much time do I have? 8
2026-03-18 00:28:02 worker2[331430]: how much time do I have? 5
2026-03-18 00:29:01 worker1[331876]: how much time do I have? 3
2026-03-18 00:29:01 worker2[332100]: how much time do I have? 2
2026-03-18 00:30:01 worker1[332546]: how much time do I have? 3
2026-03-18 00:30:01 worker2[332770]: how much time do I have? 6
2026-03-18 00:31:01 worker1[333229]: how much time do I have? 2
2026-03-18 00:31:01 worker2[333457]: how much time do I have? 8
2026-03-18 00:32:01 worker1[333916]: how much time do I have? 5
2026-03-18 00:32:02 worker2[334146]: how much time do I have? 6
2026-03-18 00:33:01 worker1[334604]: how much time do I have? 7
2026-03-18 00:33:01 worker2[334834]: how much time do I have? 3
2026-03-18 00:34:01 worker1[335292]: how much time do I have? 8
2026-03-18 00:34:01 worker2[335522]: how much time do I have? 10
2026-03-18 00:35:01 worker1[335984]: how much time do I have? 3
2026-03-18 00:35:01 worker2[336214]: how much time do I have? 4
2026-03-18 00:36:01 worker1[336670]: how much time do I have? 7
2026-03-18 00:36:01 worker2[336898]: how much time do I have? 3
2026-03-18 00:37:02 worker1[337352]: how much time do I have? 10
2026-03-18 00:37:02 worker2[337580]: how much time do I have? 5
2026-03-18 00:38:01 worker1[338030]: how much time do I have? 7
2026-03-18 00:38:01 worker2[338256]: how much time do I have? 8
2026-03-18 00:39:01 worker1[338747]: how much time do I have? 9
2026-03-18 00:39:01 worker2[338977]: how much time do I have? 3
2026-03-18 00:40:01 worker1[339435]: how much time do I have? 2
2026-03-18 00:40:01 worker2[339665]: how much time do I have? 8
2026-03-18 00:41:01 worker1[340131]: how much time do I have? 3
2026-03-18 00:41:01 worker2[340363]: how much time do I have? 9
2026-03-18 00:42:02 worker1[340825]: how much time do I have? 9
2026-03-18 00:42:02 worker2[341057]: how much time do I have? 9
2026-03-18 00:43:01 worker1[341519]: how much time do I have? 6
2026-03-18 00:43:01 worker2[341751]: how much time do I have? 6
2026-03-18 00:44:01 worker1[342209]: how much time do I have? 8
2026-03-18 00:44:01 worker2[342439]: how much time do I have? 7
2026-03-18 00:45:01 worker1[342901]: how much time do I have? 6
2026-03-18 00:45:01 worker2[343131]: how much time do I have? 5
2026-03-18 00:46:02 worker1[343582]: how much time do I have? 8
2026-03-18 00:46:02 worker2[343808]: how much time do I have? 8
2026-03-18 00:47:01 worker1[344258]: how much time do I have? 5
2026-03-18 00:47:01 worker2[344484]: how much time do I have? 6
2026-03-18 00:48:01 worker1[344930]: how much time do I have? 4
2026-03-18 00:48:01 worker2[345154]: how much time do I have? 8
2026-03-18 00:49:01 worker1[345600]: how much time do I have? 6
2026-03-18 00:49:01 worker2[345824]: how much time do I have? 6
2026-03-18 00:50:01 worker1[346275]: how much time do I have? 9
2026-03-18 00:50:02 worker2[346501]: how much time do I have? 3
2026-03-18 00:51:01 worker1[346951]: how much time do I have? 7
2026-03-18 00:51:01 worker2[347177]: how much time do I have? 9
2026-03-18 00:52:01 worker1[347633]: how much time do I have? 9
2026-03-18 00:52:01 worker2[347861]: how much time do I have? 6
2026-03-18 00:53:01 worker1[348315]: how much time do I have? 8
2026-03-18 00:53:01 worker2[348543]: how much time do I have? 6
2026-03-18 00:54:01 worker1[349002]: how much time do I have? 9
2026-03-18 00:54:01 worker2[349232]: how much time do I have? 8
2026-03-18 00:55:02 worker1[349694]: how much time do I have? 9
2026-03-18 00:55:02 worker2[349924]: how much time do I have? 6
2026-03-18 00:56:01 worker1[350378]: how much time do I have? 7
2026-03-18 00:56:01 worker2[350606]: how much time do I have? 6
2026-03-18 00:57:01 worker1[351061]: how much time do I have? 3
2026-03-18 00:57:01 worker2[351289]: how much time do I have? 7
2026-03-18 00:58:01 worker1[351743]: how much time do I have? 2
2026-03-18 00:58:01 worker2[351971]: how much time do I have? 2
2026-03-18 00:59:01 worker1[352425]: how much time do I have? 3
2026-03-18 00:59:02 worker2[352653]: how much time do I have? 2
2026-03-18 01:00:01 worker1[353106]: how much time do I have? 2
2026-03-18 01:00:01 worker2[353332]: how much time do I have? 4
2026-03-18 01:01:01 worker1[353782]: how much time do I have? 7
2026-03-18 01:01:01 worker2[354008]: how much time do I have? 6
2026-03-18 01:02:01 worker1[354469]: how much time do I have? 2
2026-03-18 01:02:01 worker2[354699]: how much time do I have? 4
2026-03-18 01:03:01 worker1[355157]: how much time do I have? 6
2026-03-18 01:03:01 worker2[355387]: how much time do I have? 7
2026-03-18 01:04:02 worker1[355845]: how much time do I have? 7
2026-03-18 01:04:02 worker2[356075]: how much time do I have? 4
2026-03-18 01:05:01 worker1[356537]: how much time do I have? 8
2026-03-18 01:05:01 worker2[356767]: how much time do I have? 7
2026-03-18 01:06:01 worker1[357221]: how much time do I have? 4
2026-03-18 01:06:01 worker2[357449]: how much time do I have? 4
2026-03-18 01:07:01 worker1[357900]: how much time do I have? 10
2026-03-18 01:07:01 worker2[358126]: how much time do I have? 3
2026-03-18 01:08:02 worker1[358581]: how much time do I have? 10
2026-03-18 01:08:02 worker2[358809]: how much time do I have? 7
2026-03-18 01:09:01 worker1[359263]: how much time do I have? 4
2026-03-18 01:09:01 worker2[359491]: how much time do I have? 4
2026-03-18 01:10:01 worker1[359950]: how much time do I have? 10
2026-03-18 01:10:01 worker2[360180]: how much time do I have? 9
2026-03-18 01:11:01 worker1[360640]: how much time do I have? 9
2026-03-18 01:11:01 worker2[360870]: how much time do I have? 7
2026-03-18 01:12:01 worker1[361329]: how much time do I have? 6
2026-03-18 01:12:02 worker2[361559]: how much time do I have? 9
2026-03-18 01:13:01 worker1[362017]: how much time do I have? 10
2026-03-18 01:13:01 worker2[362247]: how much time do I have? 5
2026-03-18 01:14:01 worker1[362705]: how much time do I have? 9
2026-03-18 01:14:01 worker2[362935]: how much time do I have? 5
2026-03-18 01:15:01 worker1[363389]: how much time do I have? 9
2026-03-18 01:15:01 worker2[363615]: how much time do I have? 7
2026-03-18 01:16:01 worker1[364061]: how much time do I have? 2
2026-03-18 01:16:01 worker2[364285]: how much time do I have? 6
2026-03-18 01:17:02 worker1[364740]: how much time do I have? 4
2026-03-18 01:17:02 worker2[364966]: how much time do I have? 4
2026-03-18 01:18:01 worker1[365416]: how much time do I have? 4
2026-03-18 01:18:01 worker2[365642]: how much time do I have? 9
2026-03-18 01:19:01 worker1[366092]: how much time do I have? 9
2026-03-18 01:19:01 worker2[366318]: how much time do I have? 2
2026-03-18 01:20:01 worker1[366775]: how much time do I have? 4
2026-03-18 01:20:01 worker2[367003]: how much time do I have? 7
2026-03-18 01:21:01 worker1[367462]: how much time do I have? 10
2026-03-18 01:21:02 worker2[367692]: how much time do I have? 5
2026-03-18 01:22:01 worker1[368150]: how much time do I have? 4
2026-03-18 01:22:01 worker2[368380]: how much time do I have? 7
2026-03-18 01:23:01 worker1[368839]: how much time do I have? 3
2026-03-18 01:24:01 worker1[369526]: how much time do I have? 10
2026-03-18 01:24:01 worker2[369756]: how much time do I have? 7
2026-03-18 01:25:01 worker1[370214]: how much time do I have? 4
2026-03-18 01:25:02 worker2[370442]: how much time do I have? 9
2026-03-18 01:26:01 worker1[370907]: how much time do I have? 9
2026-03-18 01:26:01 worker2[371137]: how much time do I have? 2
2026-03-18 01:27:01 worker1[371595]: how much time do I have? 6
2026-03-18 01:27:01 worker2[371825]: how much time do I have? 10
2026-03-18 01:28:01 worker1[372284]: how much time do I have? 5
2026-03-18 01:28:01 worker2[372514]: how much time do I have? 5
2026-03-18 01:29:01 worker1[372972]: how much time do I have? 5
2026-03-18 01:29:01 worker2[373202]: how much time do I have? 8
2026-03-18 01:30:02 worker1[373660]: how much time do I have? 10
2026-03-18 01:30:02 worker2[373890]: how much time do I have? 5
2026-03-18 01:31:01 worker1[374351]: how much time do I have? 4
2026-03-18 01:31:01 worker2[374581]: how much time do I have? 5
2026-03-18 01:32:01 worker1[375039]: how much time do I have? 4
2026-03-18 01:32:01 worker2[375269]: how much time do I have? 10
2026-03-18 01:33:01 worker1[375728]: how much time do I have? 9
2026-03-18 01:33:01 worker2[375958]: how much time do I have? 7
2026-03-18 01:34:01 worker1[376412]: how much time do I have? 6
2026-03-18 01:34:02 worker2[376640]: how much time do I have? 10
2026-03-18 01:35:01 worker1[377103]: how much time do I have? 4
2026-03-18 01:35:01 worker2[377333]: how much time do I have? 8
2026-03-18 01:36:01 worker1[377783]: how much time do I have? 3
2026-03-18 01:36:01 worker2[378009]: how much time do I have? 4
2026-03-18 01:37:01 worker1[378459]: how much time do I have? 5
2026-03-18 01:37:01 worker2[378685]: how much time do I have? 7
2026-03-18 01:38:01 worker1[379136]: how much time do I have? 4
2026-03-18 01:38:01 worker2[379362]: how much time do I have? 4
2026-03-18 01:39:02 worker1[379812]: how much time do I have? 2
2026-03-18 01:39:02 worker2[380038]: how much time do I have? 7
2026-03-18 01:40:01 worker1[380491]: how much time do I have? 7
2026-03-18 01:40:01 worker2[380717]: how much time do I have? 7
2026-03-18 01:41:01 worker1[381172]: how much time do I have? 4
2026-03-18 01:41:01 worker2[381400]: how much time do I have? 3
2026-03-18 01:42:01 worker1[381854]: how much time do I have? 10
2026-03-18 01:42:01 worker2[382082]: how much time do I have? 10
2026-03-18 01:43:01 worker1[382537]: how much time do I have? 10
2026-03-18 01:43:02 worker2[382765]: how much time do I have? 9
2026-03-18 01:44:01 worker1[383219]: how much time do I have? 10
2026-03-18 01:44:01 worker2[383447]: how much time do I have? 10
2026-03-18 01:45:01 worker1[383905]: how much time do I have? 3
2026-03-18 01:45:01 worker2[384133]: how much time do I have? 7
2026-03-18 01:46:01 worker1[384583]: how much time do I have? 2
2026-03-18 01:46:01 worker2[384809]: how much time do I have? 3
2026-03-18 01:47:01 worker1[385259]: how much time do I have? 3
2026-03-18 01:47:01 worker2[385485]: how much time do I have? 7
2026-03-18 01:48:02 worker1[385936]: how much time do I have? 8
2026-03-18 01:48:02 worker2[386162]: how much time do I have? 6
2026-03-18 01:49:01 worker1[386612]: how much time do I have? 3
2026-03-18 01:49:01 worker2[386838]: how much time do I have? 7
2026-03-18 01:50:01 worker1[387296]: how much time do I have? 10
2026-03-18 01:50:01 worker2[387526]: how much time do I have? 7
2026-03-18 01:51:01 worker1[387980]: how much time do I have? 2
2026-03-18 01:51:01 worker2[388208]: how much time do I have? 3
2026-03-18 01:52:01 worker1[388662]: how much time do I have? 10
2026-03-18 01:52:01 worker2[388890]: how much time do I have? 9
2026-03-18 01:53:02 worker1[389350]: how much time do I have? 6
2026-03-18 01:53:02 worker2[389580]: how much time do I have? 2
2026-03-18 01:54:01 worker1[390038]: how much time do I have? 7
2026-03-18 01:54:01 worker2[390268]: how much time do I have? 5
2026-03-18 01:55:01 worker1[390730]: how much time do I have? 2
2026-03-18 01:55:01 worker2[390960]: how much time do I have? 2
2026-03-18 01:56:01 worker1[391415]: how much time do I have? 2
2026-03-18 01:56:01 worker2[391643]: how much time do I have? 5
2026-03-18 01:57:02 worker1[392097]: how much time do I have? 6
2026-03-18 01:57:02 worker2[392325]: how much time do I have? 8
2026-03-18 01:58:01 worker1[392775]: how much time do I have? 7
2026-03-18 01:58:01 worker2[393001]: how much time do I have? 2
2026-03-18 01:59:01 worker1[393452]: how much time do I have? 6
2026-03-18 01:59:01 worker2[393678]: how much time do I have? 6
2026-03-18 02:00:01 worker1[394133]: how much time do I have? 8
2026-03-18 02:00:01 worker2[394361]: how much time do I have? 6
2026-03-18 02:01:01 worker1[394822]: how much time do I have? 7
2026-03-18 02:01:01 worker2[395052]: how much time do I have? 10
2026-03-18 02:02:02 worker1[395510]: how much time do I have? 7
2026-03-18 02:02:02 worker2[395740]: how much time do I have? 10
2026-03-18 02:03:01 worker1[396198]: how much time do I have? 4
2026-03-18 02:03:01 worker2[396428]: how much time do I have? 3
2026-03-18 02:04:01 worker1[396887]: how much time do I have? 3
2026-03-18 02:04:01 worker2[397117]: how much time do I have? 2
2026-03-18 02:05:01 worker1[397575]: how much time do I have? 6
2026-03-18 02:05:01 worker2[397803]: how much time do I have? 2
2026-03-18 02:06:01 worker1[398254]: how much time do I have? 3
2026-03-18 02:06:02 worker2[398480]: how much time do I have? 9
2026-03-18 02:07:01 worker1[398930]: how much time do I have? 8
2026-03-18 02:07:01 worker2[399156]: how much time do I have? 4
2026-03-18 02:08:01 worker1[399606]: how much time do I have? 4
2026-03-18 02:08:01 worker2[399832]: how much time do I have? 8
2026-03-18 02:09:01 worker1[400288]: how much time do I have? 7
2026-03-18 02:09:01 worker2[400516]: how much time do I have? 9
2026-03-18 02:10:01 worker1[400970]: how much time do I have? 6
2026-03-18 02:10:01 worker2[401198]: how much time do I have? 3
2026-03-18 02:11:02 worker1[401664]: how much time do I have? 7
2026-03-18 02:11:02 worker2[401896]: how much time do I have? 8
2026-03-18 02:12:01 worker1[402354]: how much time do I have? 8
2026-03-18 02:12:01 worker2[402584]: how much time do I have? 4
2026-03-18 02:13:01 worker1[403042]: how much time do I have? 3
2026-03-18 02:13:01 worker2[403272]: how much time do I have? 9
2026-03-18 02:14:01 worker1[403731]: how much time do I have? 8
2026-03-18 02:14:01 worker2[403961]: how much time do I have? 10
2026-03-18 02:15:01 worker1[404423]: how much time do I have? 6
2026-03-18 02:15:02 worker2[404653]: how much time do I have? 10
2026-03-18 02:16:01 worker1[405103]: how much time do I have? 6
2026-03-18 02:16:01 worker2[405329]: how much time do I have? 6
2026-03-18 02:17:01 worker1[405787]: how much time do I have? 9
2026-03-18 02:17:01 worker2[406015]: how much time do I have? 2
2026-03-18 02:18:01 worker1[406465]: how much time do I have? 6
2026-03-18 02:18:01 worker2[406691]: how much time do I have? 6
2026-03-18 02:19:01 worker1[407142]: how much time do I have? 8
2026-03-18 02:19:01 worker2[407368]: how much time do I have? 2
2026-03-18 02:20:02 worker1[407825]: how much time do I have? 2
2026-03-18 02:20:02 worker2[408053]: how much time do I have? 8
2026-03-18 02:21:01 worker1[408512]: how much time do I have? 9
2026-03-18 02:21:01 worker2[408742]: how much time do I have? 6
2026-03-18 02:22:01 worker1[409200]: how much time do I have? 5
2026-03-18 02:22:01 worker2[409430]: how much time do I have? 5
2026-03-18 02:23:01 worker1[409888]: how much time do I have? 4
2026-03-18 02:23:01 worker2[410118]: how much time do I have? 5
2026-03-18 02:24:01 worker1[410577]: how much time do I have? 6
2026-03-18 02:24:02 worker2[410807]: how much time do I have? 6
2026-03-18 02:25:01 worker1[411265]: how much time do I have? 7
2026-03-18 02:25:01 worker2[411493]: how much time do I have? 7
2026-03-18 02:26:01 worker1[411947]: how much time do I have? 2
2026-03-18 02:26:01 worker2[412175]: how much time do I have? 3
2026-03-18 02:27:01 worker1[412629]: how much time do I have? 6
2026-03-18 02:27:01 worker2[412857]: how much time do I have? 3
2026-03-18 02:28:01 worker1[413311]: how much time do I have? 6
2026-03-18 02:28:01 worker2[413539]: how much time do I have? 6
2026-03-18 02:29:02 worker1[413994]: how much time do I have? 5
2026-03-18 02:29:02 worker2[414222]: how much time do I have? 10
2026-03-18 02:30:01 worker1[414672]: how much time do I have? 9
2026-03-18 02:30:01 worker2[414898]: how much time do I have? 8
2026-03-18 02:31:01 worker1[415355]: how much time do I have? 8
2026-03-18 02:31:01 worker2[415583]: how much time do I have? 9
2026-03-18 02:32:01 worker1[416042]: how much time do I have? 9
2026-03-18 02:32:01 worker2[416272]: how much time do I have? 9
2026-03-18 02:33:01 worker1[416730]: how much time do I have? 7
2026-03-18 02:33:02 worker2[416960]: how much time do I have? 8
2026-03-18 02:34:01 worker1[417418]: how much time do I have? 5
2026-03-18 02:34:01 worker2[417648]: how much time do I have? 7
2026-03-18 02:35:01 worker1[418111]: how much time do I have? 3
2026-03-18 02:35:01 worker2[418341]: how much time do I have? 6
2026-03-18 02:36:01 worker1[418796]: how much time do I have? 7
2026-03-18 02:36:01 worker2[419024]: how much time do I have? 10
2026-03-18 02:37:01 worker1[419474]: how much time do I have? 2
2026-03-18 02:37:01 worker2[419700]: how much time do I have? 8
2026-03-18 02:38:02 worker1[420165]: how much time do I have? 5
2026-03-18 02:38:02 worker2[420395]: how much time do I have? 2
2026-03-18 02:39:01 worker1[420855]: how much time do I have? 2
2026-03-18 02:39:01 worker2[421083]: how much time do I have? 6
2026-03-18 02:40:01 worker1[421538]: how much time do I have? 8
2026-03-18 02:41:01 worker1[422226]: how much time do I have? 3
2026-03-18 02:41:01 worker2[422456]: how much time do I have? 10
2026-03-18 02:42:02 worker1[422914]: how much time do I have? 3
2026-03-18 02:42:02 worker2[423144]: how much time do I have? 3
2026-03-18 02:43:01 worker1[423602]: how much time do I have? 8
2026-03-18 02:43:01 worker2[423832]: how much time do I have? 8
2026-03-18 02:44:01 worker1[424290]: how much time do I have? 3
2026-03-18 02:44:01 worker2[424520]: how much time do I have? 3
2026-03-18 02:45:01 worker1[424983]: how much time do I have? 3
2026-03-18 02:45:01 worker2[425213]: how much time do I have? 9
2026-03-18 02:46:02 worker1[425663]: how much time do I have? 4
2026-03-18 02:46:02 worker2[425889]: how much time do I have? 10
2026-03-18 02:47:01 worker1[426339]: how much time do I have? 9
2026-03-18 02:47:01 worker2[426565]: how much time do I have? 2
2026-03-18 02:48:01 worker1[427011]: how much time do I have? 3
2026-03-18 02:48:01 worker2[427235]: how much time do I have? 7
2026-03-18 02:49:01 worker1[427681]: how much time do I have? 9
2026-03-18 02:49:01 worker2[427905]: how much time do I have? 9
2026-03-18 02:50:01 worker1[428359]: how much time do I have? 3
2026-03-18 02:50:01 worker2[428585]: how much time do I have? 2
2026-03-18 02:51:02 worker1[429035]: how much time do I have? 6
2026-03-18 02:51:02 worker2[429261]: how much time do I have? 7
2026-03-18 02:52:01 worker1[429711]: how much time do I have? 5
2026-03-18 02:52:01 worker2[429937]: how much time do I have? 6
2026-03-18 02:53:01 worker1[430392]: how much time do I have? 3
2026-03-18 02:53:01 worker2[430620]: how much time do I have? 10
2026-03-18 02:54:01 worker1[431074]: how much time do I have? 9
2026-03-18 02:54:01 worker2[431302]: how much time do I have? 6
2026-03-18 02:55:01 worker1[431761]: how much time do I have? 5
2026-03-18 02:55:02 worker2[431989]: how much time do I have? 8
2026-03-18 02:56:01 worker1[432439]: how much time do I have? 5
2026-03-18 02:56:01 worker2[432665]: how much time do I have? 5
2026-03-18 02:57:01 worker1[433115]: how much time do I have? 4
2026-03-18 02:57:01 worker2[433341]: how much time do I have? 4
2026-03-18 02:58:01 worker1[433791]: how much time do I have? 2
2026-03-18 02:58:01 worker2[434017]: how much time do I have? 7
2026-03-18 02:59:01 worker1[434467]: how much time do I have? 7
2026-03-18 02:59:01 worker2[434693]: how much time do I have? 3
2026-03-18 03:00:02 worker1[435144]: how much time do I have? 5
2026-03-18 03:00:02 worker2[435370]: how much time do I have? 4
2026-03-18 03:01:01 worker1[435827]: how much time do I have? 8
2026-03-18 03:01:01 worker2[436055]: how much time do I have? 3
2026-03-18 03:02:01 worker1[436509]: how much time do I have? 7
2026-03-18 03:02:01 worker2[436737]: how much time do I have? 10
2026-03-18 03:03:02 worker1[437191]: how much time do I have? 9
2026-03-18 03:03:02 worker2[437419]: how much time do I have? 9
2026-03-18 03:04:01 worker1[437873]: how much time do I have? 6
2026-03-18 03:04:01 worker2[438101]: how much time do I have? 2
2026-03-18 03:05:01 worker1[438559]: how much time do I have? 6
2026-03-18 03:05:01 worker2[438787]: how much time do I have? 4
2026-03-18 03:06:01 worker1[439234]: how much time do I have? 8
2026-03-18 03:06:01 worker2[439458]: how much time do I have? 8
2026-03-18 03:07:01 worker1[439909]: how much time do I have? 9
2026-03-18 03:07:02 worker2[440135]: how much time do I have? 8
2026-03-18 03:08:01 worker1[440585]: how much time do I have? 5
2026-03-18 03:08:01 worker2[440811]: how much time do I have? 9
2026-03-18 03:09:01 worker1[441261]: how much time do I have? 6
2026-03-18 03:09:01 worker2[441487]: how much time do I have? 7
2026-03-18 03:10:01 worker1[441951]: how much time do I have? 6
2026-03-18 03:10:01 worker2[442179]: how much time do I have? 9
2026-03-18 03:11:01 worker1[442636]: how much time do I have? 4
2026-03-18 03:11:01 worker2[442864]: how much time do I have? 3
2026-03-18 03:12:02 worker1[443318]: how much time do I have? 5
2026-03-18 03:12:02 worker2[443546]: how much time do I have? 5
2026-03-18 03:13:01 worker1[444118]: how much time do I have? 9
2026-03-18 03:13:01 worker2[444350]: how much time do I have? 3
2026-03-18 03:14:01 worker1[444813]: how much time do I have? 3
2026-03-18 03:14:01 worker2[445045]: how much time do I have? 6
2026-03-18 03:15:01 worker1[445507]: how much time do I have? 8
2026-03-18 03:15:01 worker2[445737]: how much time do I have? 7
2026-03-18 03:16:01 worker1[446196]: how much time do I have? 8
2026-03-18 03:16:02 worker2[446426]: how much time do I have? 10
2026-03-18 03:17:01 worker1[446887]: how much time do I have? 6
2026-03-18 03:17:01 worker2[447117]: how much time do I have? 10
2026-03-18 03:18:01 worker1[447575]: how much time do I have? 5
2026-03-18 03:18:01 worker2[447805]: how much time do I have? 5
2026-03-18 03:19:01 worker1[448263]: how much time do I have? 7
2026-03-18 03:19:01 worker2[448493]: how much time do I have? 8
2026-03-18 03:20:01 worker1[448952]: how much time do I have? 8
2026-03-18 03:20:01 worker2[449182]: how much time do I have? 6
2026-03-18 03:21:02 worker1[449647]: how much time do I have? 6
2026-03-18 03:21:02 worker2[449879]: how much time do I have? 2
2026-03-18 03:22:01 worker1[450341]: how much time do I have? 10
2026-03-18 03:22:01 worker2[450573]: how much time do I have? 3
2026-03-18 03:23:01 worker1[451051]: how much time do I have? 8
2026-03-18 03:23:01 worker2[451283]: how much time do I have? 4
2026-03-18 03:24:01 worker1[451748]: how much time do I have? 9
2026-03-18 03:24:01 worker2[451980]: how much time do I have? 8
2026-03-18 03:25:01 worker1[452446]: how much time do I have? 9
2026-03-18 03:25:02 worker2[452678]: how much time do I have? 9
2026-03-18 03:26:01 worker1[453136]: how much time do I have? 3
2026-03-18 03:26:01 worker2[453366]: how much time do I have? 9
2026-03-18 03:27:01 worker1[453825]: how much time do I have? 5
2026-03-18 03:27:01 worker2[454055]: how much time do I have? 6
2026-03-18 03:28:01 worker1[454513]: how much time do I have? 3
2026-03-18 03:28:01 worker2[454743]: how much time do I have? 10
2026-03-18 03:29:01 worker1[455201]: how much time do I have? 2
2026-03-18 03:29:01 worker2[455431]: how much time do I have? 8
2026-03-18 03:30:02 worker1[455885]: how much time do I have? 8
2026-03-18 03:30:02 worker2[456113]: how much time do I have? 10
2026-03-18 03:31:01 worker1[456574]: how much time do I have? 5
2026-03-18 03:31:01 worker2[456804]: how much time do I have? 8
2026-03-18 03:32:01 worker1[457272]: how much time do I have? 7
2026-03-18 03:32:01 worker2[457504]: how much time do I have? 10
2026-03-18 03:33:01 worker1[457966]: how much time do I have? 5
2026-03-18 03:33:01 worker2[458198]: how much time do I have? 3
2026-03-18 03:34:01 worker1[458660]: how much time do I have? 4
2026-03-18 03:34:02 worker2[458892]: how much time do I have? 2
2026-03-18 03:35:01 worker1[459358]: how much time do I have? 4
2026-03-18 03:35:01 worker2[459590]: how much time do I have? 3
2026-03-18 03:36:01 worker1[460048]: how much time do I have? 2
2026-03-18 03:36:01 worker2[460278]: how much time do I have? 4
2026-03-18 03:37:01 worker1[460737]: how much time do I have? 7
2026-03-18 03:37:01 worker2[460967]: how much time do I have? 9
2026-03-18 03:38:01 worker1[461425]: how much time do I have? 5
2026-03-18 03:38:01 worker2[461655]: how much time do I have? 9
2026-03-18 03:39:02 worker1[462113]: how much time do I have? 9
2026-03-18 03:39:02 worker2[462343]: how much time do I have? 2
2026-03-18 03:43:18 Shutdown!
